
TRANSACTION_CREATED event received

Payload: {'transaction_id': 1, 'invoice_number': 'INV-5001', 'product_id': 1, 'quantity': 2}

Reservation successful | Product ID: {product_id} | Quantity: {quantity}

TRANSACTION_CREATED event received

Payload: {'transaction_id': 1, 'invoice_number': 'INV-5001', 'product_id': 1, 'quantity': 2}

Reservation successful | Product ID: 1 | Quantity: 2

TRANSACTION_CREATED event received

Payload: {'transaction_id': 1, 'invoice_number': 'INV-5001', 'product_id': 999999, 'quantity': 2}

TRANSACTION_CREATED event received

Payload: {'transaction_id': 1, 'invoice_number': 'INV-5001', 'product_id': 1, 'quantity': 999999}

TRANSACTION_CREATED event received

Payload: {'transaction_id': 1, 'invoice_number': 'INV-5001', 'product_id': 1, 'quantity': 999999}
Reservation failed: Insufficient inventory available

TRANSACTION_CREATED event received

Payload: {'transaction_id': 1, 'invoice_number': 'INV-5001', 'product_id': 1, 'quantity': 999999}
Reservation failed: Insufficient inventory available

TRANSACTION_CREATED event received
\Payload: {'transaction_id': 1, 'invoice_number': 'INV-5001', 'product_id': 1, 'quantity': 999999}
Reservation failed: Insufficient inventory available

TRANSACTION_CREATED event received
Payload: {'transaction_id': 1, 'invoice_number': 'INV-5001', 'product_id': 999999, 'quantity': 2}

TRANSACTION_CREATED event received
Payload: {'transaction_id': 1, 'invoice_number': 'INV-5001', 'product_id': 1, 'quantity': 2}
\Reservation successful | Product ID: 1 | Quantity: 2

TRANSACTION_CREATED event received
Payload: {'transaction_id': 1, 'invoice_number': 'INV-5001', 'product_id': 9999999, 'quantity': 2}

Reservation failed | Invalid product_id: 9999999
